<?xml version="1.0" encoding="UTF-8"?>
<robot generator="Robot 7.1.1 (Python 3.12.0 on win32)" generated="2025-09-23T12:09:44.565505" rpa="false" schemaversion="5">
<suite id="s1" name="Tests" source="C:\Users\aryamol.m.DC\PycharmProjects\robot-httpbin-assignment\tests">
<suite id="s1-s1" name="Headers" source="C:\Users\aryamol.m.DC\PycharmProjects\robot-httpbin-assignment\tests\headers.robot">
<test id="s1-s1-t1" name="Test GET Headers" line="23">
<kw name="Create HTTP Session" owner="keywords">
<kw name="Create Session" owner="RequestsLibrary">
<msg time="2025-09-23T12:09:45.419765" level="INFO">Creating Session using : alias=httpbin, url=https://httpbin.org, headers={},                     cookies={}, auth=None, timeout=None, proxies=None, verify=False,                     debug=0 </msg>
<arg>${session_name}</arg>
<arg>https://httpbin.org</arg>
<doc>Create Session: create a HTTP session to a server</doc>
<status status="PASS" start="2025-09-23T12:09:45.419765" elapsed="0.000000"/>
</kw>
<arg>httpbin</arg>
<status status="PASS" start="2025-09-23T12:09:45.419765" elapsed="0.010174"/>
</kw>
<kw name="Get Headers" owner="keywords">
<kw name="Get Request" owner="RequestsLibrary">
<msg time="2025-09-23T12:09:45.429939" level="WARN">Keyword 'RequestsLibrary.Get Request' is deprecated. Please use `GET On Session` instead.</msg>
<msg time="2025-09-23T12:09:46.644150" level="INFO">GET Request : url=https://httpbin.org/headers 
 path_url=/headers 
 headers={'User-Agent': 'python-requests/2.32.5', 'Accept-Encoding': 'gzip, deflate', 'Accept': '*/*', 'Connection': 'keep-alive'} 
 body=None 
 </msg>
<msg time="2025-09-23T12:09:46.644150" level="INFO">GET Response : url=https://httpbin.org/headers 
 status=200, reason=OK 
 headers={'Date': 'Tue, 23 Sep 2025 06:39:46 GMT', 'Content-Type': 'application/json', 'Content-Length': '225', 'Connection': 'keep-alive', 'Server': 'gunicorn/19.9.0', 'Access-Control-Allow-Origin': '*', 'Access-Control-Allow-Credentials': 'true'} 
 body={
  "headers": {
    "Accept": "*/*", 
    "Accept-Encoding": "gzip, deflate", 
    "Host": "httpbin.org", 
    "User-Agent": "python-requests/2.32.5", 
    "X-Amzn-Trace-Id": "Root=1-68d240b2-405fddc06d6d9d8c182653a3"
  }
}
 
 </msg>
<msg time="2025-09-23T12:09:46.644812" level="INFO">C:\Users\aryamol.m.DC\PycharmProjects\robot-httpbin-assignment\.venv\Lib\site-packages\urllib3\connectionpool.py:1097: InsecureRequestWarning: Unverified HTTPS request is being made to host 'httpbin.org'. Adding certificate verification is strongly advised. See: https://urllib3.readthedocs.io/en/latest/advanced-usage.html#tls-warnings
  warnings.warn(</msg>
<msg time="2025-09-23T12:09:46.644812" level="INFO">${resp} = &lt;Response [200]&gt;</msg>
<var>${resp}</var>
<arg>${session_name}</arg>
<arg>/headers</arg>
<doc>*DEPRECATED* Please use `GET On Session` instead.</doc>
<status status="PASS" start="2025-09-23T12:09:45.429939" elapsed="1.214873"/>
</kw>
<kw name="To Json" owner="RequestsLibrary">
<msg time="2025-09-23T12:09:46.647608" level="WARN">Keyword 'RequestsLibrary.To Json' is deprecated. Please use ${resp.json()} instead. Have a look at the improved HTML output as pretty printing replacement.</msg>
<msg time="2025-09-23T12:09:46.649235" level="INFO">To JSON using : content={
  "headers": {
    "Accept": "*/*", 
    "Accept-Encoding": "gzip, deflate", 
    "Host": "httpbin.org", 
    "User-Agent": "python-requests/2.32.5", 
    "X-Amzn-Trace-Id": "Root=1-68d240b2-405fddc06d6d9d8c182653a3"
  }
}
 </msg>
<msg time="2025-09-23T12:09:46.649235" level="INFO">To JSON using : pretty_print=False </msg>
<msg time="2025-09-23T12:09:46.649235" level="INFO">${json} = {'headers': {'Accept': '*/*', 'Accept-Encoding': 'gzip, deflate', 'Host': 'httpbin.org', 'User-Agent': 'python-requests/2.32.5', 'X-Amzn-Trace-Id': 'Root=1-68d240b2-405fddc06d6d9d8c182653a3'}}</msg>
<var>${json}</var>
<arg>${resp.content}</arg>
<doc>*DEPRECATED* Please use ${resp.json()} instead. Have a look at the improved HTML output as pretty printing replacement.</doc>
<status status="PASS" start="2025-09-23T12:09:46.647608" elapsed="0.001627"/>
</kw>
<kw name="Get From Dictionary" owner="Collections">
<msg time="2025-09-23T12:09:46.652637" level="INFO">${headers} = {'Accept': '*/*', 'Accept-Encoding': 'gzip, deflate', 'Host': 'httpbin.org', 'User-Agent': 'python-requests/2.32.5', 'X-Amzn-Trace-Id': 'Root=1-68d240b2-405fddc06d6d9d8c182653a3'}</msg>
<var>${headers}</var>
<arg>${json}</arg>
<arg>headers</arg>
<doc>Returns a value from the given ``dictionary`` based on the given ``key``.</doc>
<status status="PASS" start="2025-09-23T12:09:46.651622" elapsed="0.001015"/>
</kw>
<kw name="Log" owner="BuiltIn">
<msg time="2025-09-23T12:09:46.655415" level="INFO">{'Accept': '*/*', 'Accept-Encoding': 'gzip, deflate', 'Host': 'httpbin.org', 'User-Agent': 'python-requests/2.32.5', 'X-Amzn-Trace-Id': 'Root=1-68d240b2-405fddc06d6d9d8c182653a3'}</msg>
<arg>${headers}</arg>
<doc>Logs the given message with the given level.</doc>
<status status="PASS" start="2025-09-23T12:09:46.655415" elapsed="0.000598"/>
</kw>
<kw name="Should Contain" owner="BuiltIn">
<arg>${headers}</arg>
<arg>Host</arg>
<doc>Fails if ``container`` does not contain ``item`` one or more times.</doc>
<status status="PASS" start="2025-09-23T12:09:46.657724" elapsed="0.000534"/>
</kw>
<arg>httpbin</arg>
<status status="PASS" start="2025-09-23T12:09:45.429939" elapsed="1.228319"/>
</kw>
<status status="PASS" start="2025-09-23T12:09:45.419765" elapsed="1.239011"/>
</test>
<status status="PASS" start="2025-09-23T12:09:44.807895" elapsed="1.853933"/>
</suite>
<suite id="s1-s2" name="Post Data" source="C:\Users\aryamol.m.DC\PycharmProjects\robot-httpbin-assignment\tests\post_data.robot">
<test id="s1-s2-t1" name="Test POST Random Data" line="5">
<kw name="Create HTTP Session" owner="keywords">
<kw name="Create Session" owner="RequestsLibrary">
<msg time="2025-09-23T12:09:46.682736" level="INFO">Creating Session using : alias=httpbin, url=https://httpbin.org, headers={},                     cookies={}, auth=None, timeout=None, proxies=None, verify=False,                     debug=0 </msg>
<arg>${session_name}</arg>
<arg>https://httpbin.org</arg>
<doc>Create Session: create a HTTP session to a server</doc>
<status status="PASS" start="2025-09-23T12:09:46.682736" elapsed="0.000579"/>
</kw>
<arg>httpbin</arg>
<status status="PASS" start="2025-09-23T12:09:46.682192" elapsed="0.004553"/>
</kw>
<kw name="Post Random User Data" owner="keywords">
<kw name="Generate User Data" owner="data_generator">
<msg time="2025-09-23T12:09:46.689431" level="INFO">${data} = {'name': 'Valerie Guerrero', 'email': 'michael62@example.org', 'address': '878 Patrick Field Suite 786\nPort Monicastad, DC 35462', 'phone': '508-640-2448x8181'}</msg>
<var>${data}</var>
<doc>Generate random user data dictionary.</doc>
<status status="PASS" start="2025-09-23T12:09:46.687919" elapsed="0.001512"/>
</kw>
<kw name="Post Request" owner="RequestsLibrary">
<msg time="2025-09-23T12:09:46.692144" level="WARN">Keyword 'RequestsLibrary.Post Request' is deprecated. Please use `POST On Session` instead.</msg>
<msg time="2025-09-23T12:09:48.096304" level="INFO">POST Request : url=https://httpbin.org/post 
 path_url=/post 
 headers={'User-Agent': 'python-requests/2.32.5', 'Accept-Encoding': 'gzip, deflate', 'Accept': '*/*', 'Connection': 'keep-alive', 'Content-Length': '161', 'Content-Type': 'application/json'} 
 body=b'{"name": "Valerie Guerrero", "email": "michael62@example.org", "address": "878 Patrick Field Suite 786\\nPort Monicastad, DC 35462", "phone": "508-640-2448x8181"}' 
 </msg>
<msg time="2025-09-23T12:09:48.096874" level="INFO">POST Response : url=https://httpbin.org/post 
 status=200, reason=OK 
 headers={'Date': 'Tue, 23 Sep 2025 06:39:47 GMT', 'Content-Type': 'application/json', 'Content-Length': '801', 'Connection': 'keep-alive', 'Server': 'gunicorn/19.9.0', 'Access-Control-Allow-Origin': '*', 'Access-Control-Allow-Credentials': 'true'} 
 body={
  "args": {}, 
  "data": "{\"name\": \"Valerie Guerrero\", \"email\": \"michael62@example.org\", \"address\": \"878 Patrick Field Suite 786\\nPort Monicastad, DC 35462\", \"phone\": \"508-640-2448x8181\"}", 
  "files": {}, 
  "form": {}, 
  "headers": {
    "Accept": "*/*", 
    "Accept-Encoding": "gzip, deflate", 
    "Content-Length": "161", 
    "Content-Type": "application/json", 
    "Host": "httpbin.org", 
    "User-Agent": "python-requests/2.32.5", 
    "X-Amzn-Trace-Id": "Root=1-68d240b3-4900023757a07ba65e701df2"
  }, 
  "json": {
    "address": "878 Patrick Field Suite 786\nPort Monicastad, DC 35462", 
    "email": "michael62@example.org", 
    "name": "Valerie Guerrero", 
    "phone": "508-640-2448x8181"
  }, 
  "origin": "103.135.95.118", 
  "url": "https://httpbin.org/post"
}
 
 </msg>
<msg time="2025-09-23T12:09:48.096874" level="INFO">C:\Users\aryamol.m.DC\PycharmProjects\robot-httpbin-assignment\.venv\Lib\site-packages\urllib3\connectionpool.py:1097: InsecureRequestWarning: Unverified HTTPS request is being made to host 'httpbin.org'. Adding certificate verification is strongly advised. See: https://urllib3.readthedocs.io/en/latest/advanced-usage.html#tls-warnings
  warnings.warn(</msg>
<msg time="2025-09-23T12:09:48.096874" level="INFO">${resp} = &lt;Response [200]&gt;</msg>
<var>${resp}</var>
<arg>${session_name}</arg>
<arg>/post</arg>
<arg>json=${data}</arg>
<doc>*DEPRECATED* Please use `POST On Session` instead.</doc>
<status status="PASS" start="2025-09-23T12:09:46.692144" elapsed="1.405272"/>
</kw>
<kw name="Log" owner="BuiltIn">
<msg time="2025-09-23T12:09:48.099618" level="INFO">{'args': {}, 'data': '{"name": "Valerie Guerrero", "email": "michael62@example.org", "address": "878 Patrick Field Suite 786\\nPort Monicastad, DC 35462", "phone": "508-640-2448x8181"}', 'files': {}, 'form': {}, 'headers': {'Accept': '*/*', 'Accept-Encoding': 'gzip, deflate', 'Content-Length': '161', 'Content-Type': 'application/json', 'Host': 'httpbin.org', 'User-Agent': 'python-requests/2.32.5', 'X-Amzn-Trace-Id': 'Root=1-68d240b3-4900023757a07ba65e701df2'}, 'json': {'address': '878 Patrick Field Suite 786\nPort Monicastad, DC 35462', 'email': 'michael62@example.org', 'name': 'Valerie Guerrero', 'phone': '508-640-2448x8181'}, 'origin': '103.135.95.118', 'url': 'https://httpbin.org/post'}</msg>
<arg>${resp.json()}</arg>
<doc>Logs the given message with the given level.</doc>
<status status="PASS" start="2025-09-23T12:09:48.099618" elapsed="0.000000"/>
</kw>
<kw name="Should Be Equal As Strings" owner="BuiltIn">
<msg time="2025-09-23T12:09:48.103193" level="INFO">Argument types are:
&lt;class 'int'&gt;
&lt;class 'str'&gt;</msg>
<arg>${resp.status_code}</arg>
<arg>200</arg>
<doc>Fails if objects are unequal after converting them to strings.</doc>
<status status="PASS" start="2025-09-23T12:09:48.099618" elapsed="0.003575"/>
</kw>
<arg>httpbin</arg>
<status status="PASS" start="2025-09-23T12:09:46.687919" elapsed="1.416291"/>
</kw>
<status status="PASS" start="2025-09-23T12:09:46.681532" elapsed="1.422678"/>
</test>
<status status="PASS" start="2025-09-23T12:09:46.665855" elapsed="1.443800"/>
</suite>
<suite id="s1-s3" name="Test Httpbin" source="C:\Users\aryamol.m.DC\PycharmProjects\robot-httpbin-assignment\tests\test_httpbin.robot">
<test id="s1-s3-t1" name="Test GET Headers with Retry" line="13">
<kw name="Create HTTP Session" owner="keywords">
<kw name="Create Session" owner="RequestsLibrary">
<msg time="2025-09-23T12:09:48.136443" level="INFO">Creating Session using : alias=httpbin, url=https://httpbin.org, headers={},                     cookies={}, auth=None, timeout=None, proxies=None, verify=False,                     debug=0 </msg>
<arg>${session_name}</arg>
<arg>https://httpbin.org</arg>
<doc>Create Session: create a HTTP session to a server</doc>
<status status="PASS" start="2025-09-23T12:09:48.136443" elapsed="0.000000"/>
</kw>
<arg>httpbin</arg>
<status status="PASS" start="2025-09-23T12:09:48.136443" elapsed="0.000000"/>
</kw>
<kw name="Get Headers" owner="keywords">
<kw name="Get Request" owner="RequestsLibrary">
<msg time="2025-09-23T12:09:48.136443" level="WARN">Keyword 'RequestsLibrary.Get Request' is deprecated. Please use `GET On Session` instead.</msg>
<msg time="2025-09-23T12:09:49.355636" level="INFO">GET Request : url=https://httpbin.org/headers 
 path_url=/headers 
 headers={'User-Agent': 'python-requests/2.32.5', 'Accept-Encoding': 'gzip, deflate', 'Accept': '*/*', 'Connection': 'keep-alive'} 
 body=None 
 </msg>
<msg time="2025-09-23T12:09:49.355636" level="INFO">GET Response : url=https://httpbin.org/headers 
 status=200, reason=OK 
 headers={'Date': 'Tue, 23 Sep 2025 06:39:49 GMT', 'Content-Type': 'application/json', 'Content-Length': '225', 'Connection': 'keep-alive', 'Server': 'gunicorn/19.9.0', 'Access-Control-Allow-Origin': '*', 'Access-Control-Allow-Credentials': 'true'} 
 body={
  "headers": {
    "Accept": "*/*", 
    "Accept-Encoding": "gzip, deflate", 
    "Host": "httpbin.org", 
    "User-Agent": "python-requests/2.32.5", 
    "X-Amzn-Trace-Id": "Root=1-68d240b5-02b34ca14ce4d6d94cab74ac"
  }
}
 
 </msg>
<msg time="2025-09-23T12:09:49.355636" level="INFO">C:\Users\aryamol.m.DC\PycharmProjects\robot-httpbin-assignment\.venv\Lib\site-packages\urllib3\connectionpool.py:1097: InsecureRequestWarning: Unverified HTTPS request is being made to host 'httpbin.org'. Adding certificate verification is strongly advised. See: https://urllib3.readthedocs.io/en/latest/advanced-usage.html#tls-warnings
  warnings.warn(</msg>
<msg time="2025-09-23T12:09:49.355636" level="INFO">${resp} = &lt;Response [200]&gt;</msg>
<var>${resp}</var>
<arg>${session_name}</arg>
<arg>/headers</arg>
<doc>*DEPRECATED* Please use `GET On Session` instead.</doc>
<status status="PASS" start="2025-09-23T12:09:48.136443" elapsed="1.219193"/>
</kw>
<kw name="To Json" owner="RequestsLibrary">
<msg time="2025-09-23T12:09:49.358638" level="WARN">Keyword 'RequestsLibrary.To Json' is deprecated. Please use ${resp.json()} instead. Have a look at the improved HTML output as pretty printing replacement.</msg>
<msg time="2025-09-23T12:09:49.359636" level="INFO">To JSON using : content={
  "headers": {
    "Accept": "*/*", 
    "Accept-Encoding": "gzip, deflate", 
    "Host": "httpbin.org", 
    "User-Agent": "python-requests/2.32.5", 
    "X-Amzn-Trace-Id": "Root=1-68d240b5-02b34ca14ce4d6d94cab74ac"
  }
}
 </msg>
<msg time="2025-09-23T12:09:49.360638" level="INFO">To JSON using : pretty_print=False </msg>
<msg time="2025-09-23T12:09:49.360638" level="INFO">${json} = {'headers': {'Accept': '*/*', 'Accept-Encoding': 'gzip, deflate', 'Host': 'httpbin.org', 'User-Agent': 'python-requests/2.32.5', 'X-Amzn-Trace-Id': 'Root=1-68d240b5-02b34ca14ce4d6d94cab74ac'}}</msg>
<var>${json}</var>
<arg>${resp.content}</arg>
<doc>*DEPRECATED* Please use ${resp.json()} instead. Have a look at the improved HTML output as pretty printing replacement.</doc>
<status status="PASS" start="2025-09-23T12:09:49.358638" elapsed="0.002000"/>
</kw>
<kw name="Get From Dictionary" owner="Collections">
<msg time="2025-09-23T12:09:49.363672" level="INFO">${headers} = {'Accept': '*/*', 'Accept-Encoding': 'gzip, deflate', 'Host': 'httpbin.org', 'User-Agent': 'python-requests/2.32.5', 'X-Amzn-Trace-Id': 'Root=1-68d240b5-02b34ca14ce4d6d94cab74ac'}</msg>
<var>${headers}</var>
<arg>${json}</arg>
<arg>headers</arg>
<doc>Returns a value from the given ``dictionary`` based on the given ``key``.</doc>
<status status="PASS" start="2025-09-23T12:09:49.362666" elapsed="0.001006"/>
</kw>
<kw name="Log" owner="BuiltIn">
<msg time="2025-09-23T12:09:49.366680" level="INFO">{'Accept': '*/*', 'Accept-Encoding': 'gzip, deflate', 'Host': 'httpbin.org', 'User-Agent': 'python-requests/2.32.5', 'X-Amzn-Trace-Id': 'Root=1-68d240b5-02b34ca14ce4d6d94cab74ac'}</msg>
<arg>${headers}</arg>
<doc>Logs the given message with the given level.</doc>
<status status="PASS" start="2025-09-23T12:09:49.366680" elapsed="0.000000"/>
</kw>
<kw name="Should Contain" owner="BuiltIn">
<arg>${headers}</arg>
<arg>Host</arg>
<doc>Fails if ``container`` does not contain ``item`` one or more times.</doc>
<status status="PASS" start="2025-09-23T12:09:49.369295" elapsed="0.000000"/>
</kw>
<arg>httpbin</arg>
<status status="PASS" start="2025-09-23T12:09:48.136443" elapsed="1.233861"/>
</kw>
<status status="PASS" start="2025-09-23T12:09:48.135914" elapsed="1.234390"/>
</test>
<test id="s1-s3-t2" name="Test GET Headers" line="17">
<kw name="Create Session" owner="RequestsLibrary">
<msg time="2025-09-23T12:09:49.373812" level="INFO">Creating Session using : alias=httpbin, url=https://httpbin.org, headers={},                     cookies={}, auth=None, timeout=None, proxies=None, verify=False,                     debug=0 </msg>
<arg>httpbin</arg>
<arg>https://httpbin.org</arg>
<doc>Create Session: create a HTTP session to a server</doc>
<status status="PASS" start="2025-09-23T12:09:49.372304" elapsed="0.001508"/>
</kw>
<kw name="Get Request" owner="RequestsLibrary">
<msg time="2025-09-23T12:09:49.375821" level="WARN">Keyword 'RequestsLibrary.Get Request' is deprecated. Please use `GET On Session` instead.</msg>
<msg time="2025-09-23T12:09:50.638066" level="INFO">GET Request : url=https://httpbin.org/headers 
 path_url=/headers 
 headers={'User-Agent': 'python-requests/2.32.5', 'Accept-Encoding': 'gzip, deflate', 'Accept': '*/*', 'Connection': 'keep-alive'} 
 body=None 
 </msg>
<msg time="2025-09-23T12:09:50.638066" level="INFO">GET Response : url=https://httpbin.org/headers 
 status=200, reason=OK 
 headers={'Date': 'Tue, 23 Sep 2025 06:39:50 GMT', 'Content-Type': 'application/json', 'Content-Length': '225', 'Connection': 'keep-alive', 'Server': 'gunicorn/19.9.0', 'Access-Control-Allow-Origin': '*', 'Access-Control-Allow-Credentials': 'true'} 
 body={
  "headers": {
    "Accept": "*/*", 
    "Accept-Encoding": "gzip, deflate", 
    "Host": "httpbin.org", 
    "User-Agent": "python-requests/2.32.5", 
    "X-Amzn-Trace-Id": "Root=1-68d240b6-662a09ae5fd4f6bb4711c7c2"
  }
}
 
 </msg>
<msg time="2025-09-23T12:09:50.638066" level="INFO">C:\Users\aryamol.m.DC\PycharmProjects\robot-httpbin-assignment\.venv\Lib\site-packages\urllib3\connectionpool.py:1097: InsecureRequestWarning: Unverified HTTPS request is being made to host 'httpbin.org'. Adding certificate verification is strongly advised. See: https://urllib3.readthedocs.io/en/latest/advanced-usage.html#tls-warnings
  warnings.warn(</msg>
<msg time="2025-09-23T12:09:50.639070" level="INFO">${resp} = &lt;Response [200]&gt;</msg>
<var>${resp}</var>
<arg>httpbin</arg>
<arg>/headers</arg>
<doc>*DEPRECATED* Please use `GET On Session` instead.</doc>
<status status="PASS" start="2025-09-23T12:09:49.375821" elapsed="1.263249"/>
</kw>
<kw name="Call Method" owner="BuiltIn">
<msg time="2025-09-23T12:09:50.645070" level="INFO">${json} = {'headers': {'Accept': '*/*', 'Accept-Encoding': 'gzip, deflate', 'Host': 'httpbin.org', 'User-Agent': 'python-requests/2.32.5', 'X-Amzn-Trace-Id': 'Root=1-68d240b6-662a09ae5fd4f6bb4711c7c2'}}</msg>
<var>${json}</var>
<arg>${resp}</arg>
<arg>json</arg>
<doc>Calls the named method of the given object with the provided arguments.</doc>
<status status="PASS" start="2025-09-23T12:09:50.645070" elapsed="0.000000"/>
</kw>
<kw name="Get From Dictionary" owner="Collections">
<msg time="2025-09-23T12:09:50.654596" level="INFO">${headers} = {'Accept': '*/*', 'Accept-Encoding': 'gzip, deflate', 'Host': 'httpbin.org', 'User-Agent': 'python-requests/2.32.5', 'X-Amzn-Trace-Id': 'Root=1-68d240b6-662a09ae5fd4f6bb4711c7c2'}</msg>
<var>${headers}</var>
<arg>${json}</arg>
<arg>headers</arg>
<doc>Returns a value from the given ``dictionary`` based on the given ``key``.</doc>
<status status="PASS" start="2025-09-23T12:09:50.653599" elapsed="0.000997"/>
</kw>
<kw name="Log" owner="BuiltIn">
<msg time="2025-09-23T12:09:50.663120" level="INFO">{'Accept': '*/*', 'Accept-Encoding': 'gzip, deflate', 'Host': 'httpbin.org', 'User-Agent': 'python-requests/2.32.5', 'X-Amzn-Trace-Id': 'Root=1-68d240b6-662a09ae5fd4f6bb4711c7c2'}</msg>
<arg>${headers}</arg>
<doc>Logs the given message with the given level.</doc>
<status status="PASS" start="2025-09-23T12:09:50.662112" elapsed="0.001008"/>
</kw>
<kw name="Should Contain" owner="BuiltIn">
<arg>${headers}</arg>
<arg>Host</arg>
<doc>Fails if ``container`` does not contain ``item`` one or more times.</doc>
<status status="PASS" start="2025-09-23T12:09:50.669652" elapsed="0.000000"/>
</kw>
<status status="PASS" start="2025-09-23T12:09:49.372304" elapsed="1.298349"/>
</test>
<test id="s1-s3-t3" name="Test POST Random User Data with Retry" line="27">
<kw name="Create Session" owner="RequestsLibrary">
<msg time="2025-09-23T12:09:50.675655" level="INFO">Creating Session using : alias=httpbin, url=https://httpbin.org, headers={},                     cookies={}, auth=None, timeout=None, proxies=None, verify=False,                     debug=0 </msg>
<arg>httpbin</arg>
<arg>https://httpbin.org</arg>
<doc>Create Session: create a HTTP session to a server</doc>
<status status="PASS" start="2025-09-23T12:09:50.674654" elapsed="0.001001"/>
</kw>
<kw name="Generate User Data" owner="data_generator">
<msg time="2025-09-23T12:09:50.681691" level="INFO">${data} = {'name': 'Micheal Weaver', 'email': 'ferrelljeffrey@example.org', 'address': '216 Jennifer Mission\nMelindamouth, PA 18609', 'phone': '(858)651-3451'}</msg>
<var>${data}</var>
<doc>Generate random user data dictionary.</doc>
<status status="PASS" start="2025-09-23T12:09:50.680166" elapsed="0.001525"/>
</kw>
<kw name="Log" owner="BuiltIn">
<msg time="2025-09-23T12:09:50.692730" level="INFO">{'name': 'Micheal Weaver', 'email': 'ferrelljeffrey@example.org', 'address': '216 Jennifer Mission\nMelindamouth, PA 18609', 'phone': '(858)651-3451'}</msg>
<arg>${data}</arg>
<doc>Logs the given message with the given level.</doc>
<status status="PASS" start="2025-09-23T12:09:50.691731" elapsed="0.000999"/>
</kw>
<kw name="Post Request" owner="RequestsLibrary">
<msg time="2025-09-23T12:09:50.698732" level="WARN">Keyword 'RequestsLibrary.Post Request' is deprecated. Please use `POST On Session` instead.</msg>
<msg time="2025-09-23T12:09:51.969664" level="INFO">POST Request : url=https://httpbin.org/post 
 path_url=/post 
 headers={'User-Agent': 'python-requests/2.32.5', 'Accept-Encoding': 'gzip, deflate', 'Accept': '*/*', 'Connection': 'keep-alive', 'Content-Length': '150', 'Content-Type': 'application/json'} 
 body=b'{"name": "Micheal Weaver", "email": "ferrelljeffrey@example.org", "address": "216 Jennifer Mission\\nMelindamouth, PA 18609", "phone": "(858)651-3451"}' 
 </msg>
<msg time="2025-09-23T12:09:51.969664" level="INFO">POST Response : url=https://httpbin.org/post 
 status=200, reason=OK 
 headers={'Date': 'Tue, 23 Sep 2025 06:39:51 GMT', 'Content-Type': 'application/json', 'Content-Length': '779', 'Connection': 'keep-alive', 'Server': 'gunicorn/19.9.0', 'Access-Control-Allow-Origin': '*', 'Access-Control-Allow-Credentials': 'true'} 
 body={
  "args": {}, 
  "data": "{\"name\": \"Micheal Weaver\", \"email\": \"ferrelljeffrey@example.org\", \"address\": \"216 Jennifer Mission\\nMelindamouth, PA 18609\", \"phone\": \"(858)651-3451\"}", 
  "files": {}, 
  "form": {}, 
  "headers": {
    "Accept": "*/*", 
    "Accept-Encoding": "gzip, deflate", 
    "Content-Length": "150", 
    "Content-Type": "application/json", 
    "Host": "httpbin.org", 
    "User-Agent": "python-requests/2.32.5", 
    "X-Amzn-Trace-Id": "Root=1-68d240b7-56b6aa555612b90d09c803c6"
  }, 
  "json": {
    "address": "216 Jennifer Mission\nMelindamouth, PA 18609", 
    "email": "ferrelljeffrey@example.org", 
    "name": "Micheal Weaver", 
    "phone": "(858)651-3451"
  }, 
  "origin": "103.135.95.118", 
  "url": "https://httpbin.org/post"
}
 
 </msg>
<msg time="2025-09-23T12:09:51.970203" level="INFO">C:\Users\aryamol.m.DC\PycharmProjects\robot-httpbin-assignment\.venv\Lib\site-packages\urllib3\connectionpool.py:1097: InsecureRequestWarning: Unverified HTTPS request is being made to host 'httpbin.org'. Adding certificate verification is strongly advised. See: https://urllib3.readthedocs.io/en/latest/advanced-usage.html#tls-warnings
  warnings.warn(</msg>
<msg time="2025-09-23T12:09:51.970203" level="INFO">${resp} = &lt;Response [200]&gt;</msg>
<var>${resp}</var>
<arg>httpbin</arg>
<arg>/post</arg>
<arg>json=${data}</arg>
<doc>*DEPRECATED* Please use `POST On Session` instead.</doc>
<status status="PASS" start="2025-09-23T12:09:50.698732" elapsed="1.271471"/>
</kw>
<kw name="Should Be Equal As Strings" owner="BuiltIn">
<msg time="2025-09-23T12:09:51.975131" level="INFO">Argument types are:
&lt;class 'int'&gt;
&lt;class 'str'&gt;</msg>
<arg>${resp.status_code}</arg>
<arg>200</arg>
<doc>Fails if objects are unequal after converting them to strings.</doc>
<status status="PASS" start="2025-09-23T12:09:51.974032" elapsed="0.001099"/>
</kw>
<doc>Test posting random user data with retry logic</doc>
<status status="PASS" start="2025-09-23T12:09:50.673654" elapsed="1.305556"/>
</test>
<status status="PASS" start="2025-09-23T12:09:48.113573" elapsed="3.870766"/>
</suite>
<status status="PASS" start="2025-09-23T12:09:44.782004" elapsed="7.217750"/>
</suite>
<statistics>
<total>
<stat pass="5" fail="0" skip="0">All Tests</stat>
</total>
<tag>
</tag>
<suite>
<stat pass="5" fail="0" skip="0" id="s1" name="Tests">Tests</stat>
<stat pass="1" fail="0" skip="0" id="s1-s1" name="Headers">Tests.Headers</stat>
<stat pass="1" fail="0" skip="0" id="s1-s2" name="Post Data">Tests.Post Data</stat>
<stat pass="3" fail="0" skip="0" id="s1-s3" name="Test Httpbin">Tests.Test Httpbin</stat>
</suite>
</statistics>
<errors>
<msg time="2025-09-23T12:09:45.396976" level="ERROR">Error in file 'C:\Users\aryamol.m.DC\PycharmProjects\robot-httpbin-assignment\resources\keywords.robot' on line 5: Importing library 'C:\Users\aryamol.m.DC\PycharmProjects\robot-httpbin-assignment\utils\retry_decorator.py' failed: ModuleNotFoundError: No module named 'utils'
Traceback (most recent call last):
  File "C:\Users\aryamol.m.DC\PycharmProjects\robot-httpbin-assignment\utils\retry_decorator.py", line 3, in &lt;module&gt;
    from utils.config_loader import RETRY  # make sure this file exists
    ^^^^^^^^^^^^^^^^^^^^^^^^^^^^^^^^^^^^^
PYTHONPATH:
  C:\Users\aryamol.m.DC\PycharmProjects\robot-httpbin-assignment\utils
  C:\Users\aryamol.m.DC\PycharmProjects\robot-httpbin-assignment\.venv\Scripts\robot.exe
  C:\Program Files\Python312\python312.zip
  C:\Program Files\Python312\DLLs
  C:\Program Files\Python312\Lib
  C:\Program Files\Python312
  C:\Users\aryamol.m.DC\PycharmProjects\robot-httpbin-assignment\.venv
  C:\Users\aryamol.m.DC\PycharmProjects\robot-httpbin-assignment\.venv\Lib\site-packages</msg>
<msg time="2025-09-23T12:09:45.429939" level="WARN">Keyword 'RequestsLibrary.Get Request' is deprecated. Please use `GET On Session` instead.</msg>
<msg time="2025-09-23T12:09:46.647608" level="WARN">Keyword 'RequestsLibrary.To Json' is deprecated. Please use ${resp.json()} instead. Have a look at the improved HTML output as pretty printing replacement.</msg>
<msg time="2025-09-23T12:09:46.692144" level="WARN">Keyword 'RequestsLibrary.Post Request' is deprecated. Please use `POST On Session` instead.</msg>
<msg time="2025-09-23T12:09:48.129372" level="ERROR">Error in file 'C:\Users\aryamol.m.DC\PycharmProjects\robot-httpbin-assignment\tests\test_httpbin.robot' on line 4: Resource file '..\utils\data_generator.robot' does not exist.</msg>
<msg time="2025-09-23T12:09:48.136443" level="WARN">Keyword 'RequestsLibrary.Get Request' is deprecated. Please use `GET On Session` instead.</msg>
<msg time="2025-09-23T12:09:49.358638" level="WARN">Keyword 'RequestsLibrary.To Json' is deprecated. Please use ${resp.json()} instead. Have a look at the improved HTML output as pretty printing replacement.</msg>
<msg time="2025-09-23T12:09:49.375821" level="WARN">Keyword 'RequestsLibrary.Get Request' is deprecated. Please use `GET On Session` instead.</msg>
<msg time="2025-09-23T12:09:50.698732" level="WARN">Keyword 'RequestsLibrary.Post Request' is deprecated. Please use `POST On Session` instead.</msg>
</errors>
</robot>
